  Main.cpp
Main.obj : error LNK2001: unresolved external symbol glfwSwapBuffers
Main.obj : error LNK2001: unresolved external symbol __imp___glewEnableVertexAttribArray
Main.obj : error LNK2001: unresolved external symbol __imp___glewBindVertexArray
Main.obj : error LNK2001: unresolved external symbol __imp___glewUseProgram
Main.obj : error LNK2001: unresolved external symbol __imp___glewVertexAttribPointer
Main.obj : error LNK2001: unresolved external symbol __imp___glewCompileShader
Main.obj : error LNK2001: unresolved external symbol __imp___glewCreateShader
Main.obj : error LNK2001: unresolved external symbol __imp___glewBindBuffer
Main.obj : error LNK2001: unresolved external symbol glfwGetTime
Main.obj : error LNK2001: unresolved external symbol __imp___glewCreateProgram
Main.obj : error LNK2001: unresolved external symbol glfwTerminate
Main.obj : error LNK2001: unresolved external symbol glfwInit
Main.obj : error LNK2001: unresolved external symbol glfwCreateWindow
Main.obj : error LNK2001: unresolved external symbol __imp___glewGetUniformLocation
Main.obj : error LNK2001: unresolved external symbol glfwMakeContextCurrent
Main.obj : error LNK2001: unresolved external symbol __imp___glewBufferData
Main.obj : error LNK2001: unresolved external symbol __imp___glewAttachShader
Main.obj : error LNK2001: unresolved external symbol __imp___glewShaderSource
Main.obj : error LNK2001: unresolved external symbol __imp___glewGenVertexArrays
Main.obj : error LNK2001: unresolved external symbol glfwSetWindowTitle
Main.obj : error LNK2001: unresolved external symbol __imp_glewExperimental
Main.obj : error LNK2001: unresolved external symbol __imp___glewGenBuffers
Main.obj : error LNK2001: unresolved external symbol __imp___glewLinkProgram
Main.obj : error LNK2001: unresolved external symbol glfwWindowShouldClose
Main.obj : error LNK2001: unresolved external symbol __imp___glewUniform4f
Main.obj : error LNK2001: unresolved external symbol __imp_glewInit
C:\Users\wesle\Documents\Projetos\shaders-hello-world\OpenGLAula\x64\Release\Shaders-Hello-World.exe : fatal error LNK1120: 26 unresolved externals
